#
# A fatal error has been detected by the Java Runtime Environment:
#
#  EXCEPTION_ACCESS_VIOLATION (0xc0000005) at pc=0x000000000a9bbe4b, pid=4456, tid=4320
#
# JRE version: 6.0_26-b03
# Java VM: Java HotSpot(TM) 64-Bit Server VM (20.1-b02 mixed mode windows-amd64 compressed oops)
# Problematic frame:
# C  [nvoglv64.DLL+0x71be4b]
#
# If you would like to submit a bug report, please visit:
#   http://java.sun.com/webapps/bugreport/crash.jsp
# The crash happened outside the Java Virtual Machine in native code.
# See problematic frame for where to report the bug.
#

---------------  T H R E A D  ---------------

Current thread (0x0000000006bd4800):  JavaThread "main-Display-Windows_nil-1-EDT-1" daemon [_thread_in_native, id=4320, stack(0x00000000072b0000,0x00000000073b0000)]

siginfo: ExceptionCode=0xc0000005, reading address 0x000000000009e5e8

Registers:
RAX=0x0000000000370d86, RBX=0x000000000bdddf40, RCX=0x00000000073aec70, RDX=0x0000000000000000
RSP=0x00000000073ae340, RBP=0x0000000000000000, RSI=0x000000000bf7e020, RDI=0x00000000073aec70
R8 =0x000000000bdddf88, R9 =0x000000000bf7e020, R10=0x007d81b4007d81b4, R11=0x000000000bf7e2f0
R12=0x000000000bdddf88, R13=0x0000000000000000, R14=0x0000000000000000, R15=0x0000000000000001
RIP=0x000000000a9bbe4b, EFLAGS=0x0000000000010202

Top of Stack: (sp=0x00000000073ae340)
0x00000000073ae340:   a276708391898e88 807d8cb200000000
0x00000000073ae350:   93a585826a001278 c6b0b8ceb8bfd393
0x00000000073ae360:   9aa9bc9400000000 666b7f7e8ebac2d7
0x00000000073ae370:   7d756a6f6a001278 50514e5253537b78
0x00000000073ae380:   662e6551bb87f4e8 2f3f372100000000
0x00000000073ae390:   6458484300000000 5c397c6d45847b5f
0x00000000073ae3a0:   4b614d4e644f3f71 7d6c76594b535644
0x00000000073ae3b0:   6c7295737d917884 93a48f969d767c98
0x00000000073ae3c0:   7d909f6e818d8a8b c7cdb2bdc89eafbc
0x00000000073ae3d0:   8b908788a6a0a3c7 9a93978f8a8e8f8a
0x00000000073ae3e0:   0000000000000000 000007fefb10102e
0x00000000073ae3f0:   8b83875900000000 848a8b848a958d92
0x00000000073ae400:   a975717b78707a89 6c5e6b776d7ca19e
0x00000000073ae410:   65676d5e5f73656c 0000000000370d86
0x00000000073ae420:   0000000000000000 0000000000000000
0x00000000073ae430:   000000000bf7df68 0000000000000000 

Instructions: (pc=0x000000000a9bbe4b)
0x000000000a9bbe2b:   bc 24 94 00 00 00 00 74 0a 8b d7 49 8b cd e8 72
0x000000000a9bbe3b:   49 0d 00 41 8b c7 e9 5d fa ff ff 48 85 c9 74 37
0x000000000a9bbe4b:   48 83 ba e8 e5 09 00 00 75 08 48 8b ca e8 b3 e0
0x000000000a9bbe5b:   05 00 48 8b d3 48 8b cf e8 c8 2e 00 00 33 c9 85 


Register to memory mapping:

RAX=0x0000000000370d86 is an unknown value
RBX=0x000000000bdddf40 is an unknown value
RCX=0x00000000073aec70 is pointing into the stack for thread: 0x0000000006bd4800
RDX=0x0000000000000000 is an unknown value
RSP=0x00000000073ae340 is pointing into the stack for thread: 0x0000000006bd4800
RBP=0x0000000000000000 is an unknown value
RSI=0x000000000bf7e020 is an unknown value
RDI=0x00000000073aec70 is pointing into the stack for thread: 0x0000000006bd4800
R8 =0x000000000bdddf88 is an unknown value
R9 =0x000000000bf7e020 is an unknown value
R10=0x007d81b4007d81b4 is an unknown value
R11=0x000000000bf7e2f0 is an unknown value
R12=0x000000000bdddf88 is an unknown value
R13=0x0000000000000000 is an unknown value
R14=0x0000000000000000 is an unknown value
R15=0x0000000000000001 is an unknown value


Stack: [0x00000000072b0000,0x00000000073b0000],  sp=0x00000000073ae340,  free space=1016k
Native frames: (J=compiled Java code, j=interpreted, Vv=VM code, C=native code)
C  [nvoglv64.DLL+0x71be4b]  DllMain+0x18cdb

[error occurred during error reporting (printing native stack), id 0xc0000005]

Java frames: (J=compiled Java code, j=interpreted, Vv=VM code)
j  jogamp.nativewindow.windows.GDI.SwapBuffers(J)Z+0
j  jogamp.opengl.windows.wgl.WindowsWGLDrawable.swapBuffersImpl()V+16
j  jogamp.opengl.GLDrawableImpl.swapBuffers()V+85
j  jogamp.opengl.GLDrawableHelper.invokeGL(Ljavax/media/opengl/GLDrawable;Ljavax/media/opengl/GLContext;Ljava/lang/Runnable;Ljava/lang/Runnable;)V+291
j  com.jogamp.newt.opengl.GLWindow.display(Z)V+135
j  com.jogamp.newt.opengl.GLWindow.display()V+2
j  com.jogamp.newt.opengl.GLWindow$1.windowResized(Lcom/jogamp/newt/event/WindowEvent;)V+39
j  jogamp.newt.WindowImpl.consumeWindowEvent(Lcom/jogamp/newt/event/WindowEvent;)V+166
j  jogamp.newt.WindowImpl.sendWindowEvent(I)V+13
j  jogamp.newt.WindowImpl.setVisibleActionImpl(Z)V+509
j  jogamp.newt.WindowImpl$VisibleAction.run()V+8
j  com.jogamp.common.util.RunnableTask.run()V+93
j  jogamp.newt.DefaultEDTUtil$EventDispatchThread.run()V+155
v  ~StubRoutines::call_stub

---------------  P R O C E S S  ---------------

Java Threads: ( => current thread )
=>0x0000000006bd4800 JavaThread "main-Display-Windows_nil-1-EDT-1" daemon [_thread_in_native, id=4320, stack(0x00000000072b0000,0x00000000073b0000)]
  0x0000000006b54000 JavaThread "main-SharedResourceRunner" daemon [_thread_blocked, id=5720, stack(0x000000000a1a0000,0x000000000a2a0000)]
  0x0000000006bd3800 JavaThread "AWT-Windows" daemon [_thread_in_native, id=4904, stack(0x00000000073b0000,0x00000000074b0000)]
  0x0000000006ba8000 JavaThread "Java2D Disposer" daemon [_thread_blocked, id=5592, stack(0x00000000071b0000,0x00000000072b0000)]
  0x00000000060b8800 JavaThread "Low Memory Detector" daemon [_thread_blocked, id=2572, stack(0x0000000006650000,0x0000000006750000)]
  0x00000000060a4800 JavaThread "C2 CompilerThread1" daemon [_thread_blocked, id=5412, stack(0x0000000006550000,0x0000000006650000)]
  0x0000000006092000 JavaThread "C2 CompilerThread0" daemon [_thread_blocked, id=3764, stack(0x0000000006450000,0x0000000006550000)]
  0x00000000003e5000 JavaThread "Attach Listener" daemon [_thread_blocked, id=3716, stack(0x0000000006350000,0x0000000006450000)]
  0x00000000003e4000 JavaThread "Signal Dispatcher" daemon [_thread_blocked, id=5160, stack(0x0000000006250000,0x0000000006350000)]
  0x00000000003d0000 JavaThread "Finalizer" daemon [_thread_blocked, id=4572, stack(0x0000000005f50000,0x0000000006050000)]
  0x00000000003c7000 JavaThread "Reference Handler" daemon [_thread_blocked, id=4476, stack(0x0000000005e50000,0x0000000005f50000)]
  0x000000000062b800 JavaThread "main" [_thread_blocked, id=3632, stack(0x00000000022d0000,0x00000000023d0000)]

Other Threads:
  0x00000000003be800 VMThread [stack: 0x0000000005d50000,0x0000000005e50000] [id=2540]
  0x00000000060d1000 WatcherThread [stack: 0x0000000006750000,0x0000000006850000] [id=5200]

VM state:not at safepoint (normal execution)

VM Mutex/Monitor currently owned by a thread: None

Heap
 PSYoungGen      total 341376K, used 80864K [0x00000000eaab0000, 0x0000000100000000, 0x0000000100000000)
  eden space 333440K, 24% used [0x00000000eaab0000,0x00000000ef9a80f0,0x00000000ff050000)
  from space 7936K, 0% used [0x00000000ff050000,0x00000000ff050000,0x00000000ff810000)
  to   space 8128K, 0% used [0x00000000ff810000,0x00000000ff810000,0x0000000100000000)
 PSOldGen        total 115136K, used 71336K [0x00000000c0000000, 0x00000000c7070000, 0x00000000eaab0000)
  object space 115136K, 61% used [0x00000000c0000000,0x00000000c45aa380,0x00000000c7070000)
 PSPermGen       total 26432K, used 12248K [0x00000000bae00000, 0x00000000bc7d0000, 0x00000000c0000000)
  object space 26432K, 46% used [0x00000000bae00000,0x00000000bb9f63d8,0x00000000bc7d0000)

Code Cache  [0x00000000023d0000, 0x0000000002640000, 0x00000000053d0000)
 total_blobs=749 nmethods=186 adapters=516 free_code_cache=49246144 largest_free_block=7360

Dynamic libraries:
0x0000000000400000 - 0x000000000042e000 	C:\Program Files\Java\jre6\bin\javaw.exe
0x0000000077930000 - 0x0000000077adb000 	C:\Windows\SYSTEM32\ntdll.dll
0x0000000077710000 - 0x000000007782f000 	C:\Windows\system32\kernel32.dll
0x000007fefdb30000 - 0x000007fefdb9b000 	C:\Windows\system32\KERNELBASE.dll
0x000007feff2f0000 - 0x000007feff3cb000 	C:\Windows\system32\ADVAPI32.dll
0x000007feff660000 - 0x000007feff6ff000 	C:\Windows\system32\msvcrt.dll
0x000007feffc20000 - 0x000007feffc3f000 	C:\Windows\SYSTEM32\sechost.dll
0x000007fefdfc0000 - 0x000007fefe0ee000 	C:\Windows\system32\RPCRT4.dll
0x0000000077830000 - 0x000000007792a000 	C:\Windows\system32\USER32.dll
0x000007feffa80000 - 0x000007feffae7000 	C:\Windows\system32\GDI32.dll
0x000007fefdc60000 - 0x000007fefdc6e000 	C:\Windows\system32\LPK.dll
0x000007fefdca0000 - 0x000007fefdd6a000 	C:\Windows\system32\USP10.dll
0x000007fefdc70000 - 0x000007fefdc9e000 	C:\Windows\system32\IMM32.DLL
0x000007feff8d0000 - 0x000007feff9d9000 	C:\Windows\system32\MSCTF.dll
0x000000006d7f0000 - 0x000000006dfa8000 	C:\Program Files\Java\jre6\bin\server\jvm.dll
0x000007fefb360000 - 0x000007fefb39b000 	C:\Windows\system32\WINMM.dll
0x000000006d760000 - 0x000000006d76e000 	C:\Program Files\Java\jre6\bin\verify.dll
0x000000006d3b0000 - 0x000000006d3d7000 	C:\Program Files\Java\jre6\bin\java.dll
0x0000000077af0000 - 0x0000000077af7000 	C:\Windows\system32\PSAPI.DLL
0x000000006d7b0000 - 0x000000006d7c2000 	C:\Program Files\Java\jre6\bin\zip.dll
0x000000006d000000 - 0x000000006d1c3000 	C:\Program Files\Java\jre6\bin\awt.dll
0x000007fef4280000 - 0x000007fef42f0000 	C:\Windows\system32\WINSPOOL.DRV
0x000007fefe0f0000 - 0x000007fefe2f2000 	C:\Windows\system32\ole32.dll
0x000007fefe4e0000 - 0x000007feff266000 	C:\Windows\system32\SHELL32.dll
0x000007feff270000 - 0x000007feff2e1000 	C:\Windows\system32\SHLWAPI.dll
0x000007fefca80000 - 0x000007fefcc74000 	C:\Windows\WinSxS\amd64_microsoft.windows.common-controls_6595b64144ccf1df_6.0.7600.16661_none_fa62ad231704eab7\COMCTL32.dll
0x000007fef5690000 - 0x000007fef5730000 	C:\Windows\WinSxS\amd64_microsoft.windows.common-controls_6595b64144ccf1df_5.82.7600.16661_none_a44e1fc257f685f6\comctl32.dll
0x00000000637c0000 - 0x00000000637ca000 	C:\workspace\workspace\magma\lib\gluegen-rt.dll
0x000007fefb100000 - 0x000007fefb118000 	C:\Windows\system32\DWMAPI.DLL
0x000007fefbce0000 - 0x000007fefbd36000 	C:\Windows\system32\uxtheme.dll
0x000007fefd7c0000 - 0x000007fefd7cf000 	C:\Windows\system32\CRYPTBASE.dll
0x000000006d3f0000 - 0x000000006d3f7000 	C:\Program Files\Java\jre6\bin\jawt.dll
0x000000006a440000 - 0x000000006a44b000 	C:\workspace\workspace\magma\lib\nativewindow_awt.dll
0x000000006d2a0000 - 0x000000006d306000 	C:\Program Files\Java\jre6\bin\fontmanager.dll
0x000007feef5c0000 - 0x000007feef7bf000 	C:\Windows\system32\d3d9.dll
0x000007fefc460000 - 0x000007fefc46c000 	C:\Windows\system32\VERSION.dll
0x000007fefbfa0000 - 0x000007fefbfa7000 	C:\Windows\system32\d3d8thk.dll
0x000007feecc50000 - 0x000007feed844000 	C:\Windows\system32\nvd3dumx.dll
0x000007fefc000000 - 0x000007fefc02c000 	C:\Windows\system32\powrprof.dll
0x000007fefe300000 - 0x000007fefe4d7000 	C:\Windows\system32\SETUPAPI.dll
0x000007fefd980000 - 0x000007fefd9b6000 	C:\Windows\system32\CFGMGR32.dll
0x000007feff7a0000 - 0x000007feff877000 	C:\Windows\system32\OLEAUT32.dll
0x000007fefdba0000 - 0x000007fefdbba000 	C:\Windows\system32\DEVOBJ.dll
0x000000006c100000 - 0x000000006c10b000 	C:\workspace\workspace\magma\lib\nativewindow_win32.dll
0x000007fef4fc0000 - 0x000007fef50dd000 	C:\Windows\system32\OpenGL32.dll
0x000007fef6b20000 - 0x000007fef6b4d000 	C:\Windows\system32\GLU32.dll
0x000007feef330000 - 0x000007feef421000 	C:\Windows\system32\DDRAW.dll
0x000007fefac30000 - 0x000007fefac38000 	C:\Windows\system32\DCIMAN32.dll
0x0000000064500000 - 0x0000000064588000 	C:\workspace\workspace\magma\lib\jogl_desktop.dll
0x000000000a2a0000 - 0x000000000b506000 	C:\Windows\system32\nvoglv64.DLL
0x000007fefd940000 - 0x000007fefd97a000 	C:\Windows\system32\WINTRUST.dll
0x000007fefd9c0000 - 0x000007fefdb26000 	C:\Windows\system32\CRYPT32.dll
0x000007fefd930000 - 0x000007fefd93f000 	C:\Windows\system32\MSASN1.dll
0x000000006cbc0000 - 0x000000006cbcc000 	C:\workspace\workspace\magma\lib\newt.dll
0x000007feff9e0000 - 0x000007feffa79000 	C:\Windows\system32\CLBCatQ.DLL
0x000007fef0d40000 - 0x000007fef0e65000 	C:\Windows\system32\dbghelp.dll

VM Arguments:
jvm_args: -Djava.library.path=C:\workspace\workspace\magma\lib -Dfile.encoding=Cp1252 
java_command: magma.client.ClientStrapper -width 1024 -height 768 -devmode
Launcher Type: SUN_STANDARD

Environment Variables:
CLASSPATH=.;C:\Program Files (x86)\Java\jre6\lib\ext\QTJava.zip
PATH=C:/Program Files (x86)/Java/jre6/bin/client;C:/Program Files (x86)/Java/jre6/bin;C:/Program Files (x86)/Java/jre6/lib/i386;C:\Program Files\Common Files\Microsoft Shared\Windows Live;C:\Program Files (x86)\Common Files\Microsoft Shared\Windows Live;c:\Program Files (x86)\NVIDIA Corporation\PhysX\Common;C:\Windows\system32;C:\Windows;C:\Windows\System32\Wbem;C:\Windows\System32\WindowsPowerShell\v1.0\;C:\Program Files (x86)\Java\jdk1.6.0_21\bin\;C:\Program Files (x86)\Windows Live\Shared;C:\Program Files (x86)\QuickTime\QTSystem\
USERNAME=Administrator
OS=Windows_NT
PROCESSOR_IDENTIFIER=Intel64 Family 6 Model 23 Stepping 6, GenuineIntel



---------------  S Y S T E M  ---------------

OS: Windows 7 Build 7600 

CPU:total 2 (2 cores per cpu, 1 threads per core) family 6 model 23 stepping 6, cmov, cx8, fxsr, mmx, sse, sse2, sse3, ssse3, sse4.1

Memory: 4k page, physical 4189056k(1122332k free), swap 8376212k(3674512k free)

vm_info: Java HotSpot(TM) 64-Bit Server VM (20.1-b02) for windows-amd64 JRE (1.6.0_26-b03), built on May  4 2011 07:15:24 by "java_re" with MS VC++ 8.0 (VS2005)

time: Sun Aug 21 05:55:26 2011
elapsed time: 19 seconds

